Started at Sun Apr 16 23:57:34 IST 2023
Processing cicdcompile
Offering cicdcompile to Project Build Discarder
Processing cicdpackage
Offering cicdpackage to Project Build Discarder
Processing cicdtest
Offering cicdtest to Project Build Discarder
Processing compilejob
Offering compilejob to Project Build Discarder
Processing compilejobss
Offering compilejobss to Project Build Discarder
Processing firstjob
Offering firstjob to Project Build Discarder
Processing newproj_compile
Offering newproj_compile to Project Build Discarder
Processing newproj_package
Offering newproj_package to Project Build Discarder
Processing newproj_test
Offering newproj_test to Project Build Discarder
Processing secondjobforfail
Offering secondjobforfail to Project Build Discarder
Processing testjob
Offering testjob to Project Build Discarder
Processing warcompile
Offering warcompile to Project Build Discarder
Processing warpackage
Offering warpackage to Project Build Discarder
Processing wartest
Offering wartest to Project Build Discarder
Processing wartest/org.cloudbots.www:cloud_app_war
Offering wartest/org.cloudbots.www:cloud_app_war to Project Build Discarder
Processing warpackage/org.cloudbots.www:cloud_app_war
Offering warpackage/org.cloudbots.www:cloud_app_war to Project Build Discarder
Processing warcompile/org.cloudbots.www:cloud_app_war
Offering warcompile/org.cloudbots.www:cloud_app_war to Project Build Discarder
Processing testjob/com.cloudbots.www:cloud_app
Offering testjob/com.cloudbots.www:cloud_app to Project Build Discarder
Processing newproj_test/org.akash:myProj
Offering newproj_test/org.akash:myProj to Project Build Discarder
Processing newproj_package/org.akash:myProj
Offering newproj_package/org.akash:myProj to Project Build Discarder
Processing newproj_compile/org.akash:myProj
Offering newproj_compile/org.akash:myProj to Project Build Discarder
Processing compilejobss/com.cloudbots.www:cloud_app
Offering compilejobss/com.cloudbots.www:cloud_app to Project Build Discarder
Processing compilejob/org.akash.www:demoproject
Offering compilejob/org.akash.www:demoproject to Project Build Discarder
Processing cicdtest/org.cloudbots.www:cloudapplication
Offering cicdtest/org.cloudbots.www:cloudapplication to Project Build Discarder
Processing cicdpackage/org.cloudbots.www:cloudapplication
Offering cicdpackage/org.cloudbots.www:cloudapplication to Project Build Discarder
Processing cicdcompile/org.cloudbots.www:cloudapplication
Offering cicdcompile/org.cloudbots.www:cloudapplication to Project Build Discarder
Finished at Sun Apr 16 23:57:34 IST 2023. 9ms
Started at Mon Apr 17 00:57:34 IST 2023
Processing cicdcompile
Offering cicdcompile to Project Build Discarder
Processing cicdpackage
Offering cicdpackage to Project Build Discarder
Processing cicdtest
Offering cicdtest to Project Build Discarder
Processing compilejob
Offering compilejob to Project Build Discarder
Processing compilejobss
Offering compilejobss to Project Build Discarder
Processing ec2_create_using_ansible
Offering ec2_create_using_ansible to Project Build Discarder
Processing ec2_git_ansible
Offering ec2_git_ansible to Project Build Discarder
Processing firstjob
Offering firstjob to Project Build Discarder
Processing newproj_compile
Offering newproj_compile to Project Build Discarder
Processing newproj_package
Offering newproj_package to Project Build Discarder
Processing newproj_test
Offering newproj_test to Project Build Discarder
Processing secondjobforfail
Offering secondjobforfail to Project Build Discarder
Processing testjob
Offering testjob to Project Build Discarder
Processing warcompile
Offering warcompile to Project Build Discarder
Processing warpackage
Offering warpackage to Project Build Discarder
Processing wartest
Offering wartest to Project Build Discarder
Processing wartest/org.cloudbots.www:cloud_app_war
Offering wartest/org.cloudbots.www:cloud_app_war to Project Build Discarder
Processing warpackage/org.cloudbots.www:cloud_app_war
Offering warpackage/org.cloudbots.www:cloud_app_war to Project Build Discarder
Processing warcompile/org.cloudbots.www:cloud_app_war
Offering warcompile/org.cloudbots.www:cloud_app_war to Project Build Discarder
Processing testjob/com.cloudbots.www:cloud_app
Offering testjob/com.cloudbots.www:cloud_app to Project Build Discarder
Processing newproj_test/org.akash:myProj
Offering newproj_test/org.akash:myProj to Project Build Discarder
Processing newproj_package/org.akash:myProj
Offering newproj_package/org.akash:myProj to Project Build Discarder
Processing newproj_compile/org.akash:myProj
Offering newproj_compile/org.akash:myProj to Project Build Discarder
Processing compilejobss/com.cloudbots.www:cloud_app
Offering compilejobss/com.cloudbots.www:cloud_app to Project Build Discarder
Processing compilejob/org.akash.www:demoproject
Offering compilejob/org.akash.www:demoproject to Project Build Discarder
Processing cicdtest/org.cloudbots.www:cloudapplication
Offering cicdtest/org.cloudbots.www:cloudapplication to Project Build Discarder
Processing cicdpackage/org.cloudbots.www:cloudapplication
Offering cicdpackage/org.cloudbots.www:cloudapplication to Project Build Discarder
Processing cicdcompile/org.cloudbots.www:cloudapplication
Offering cicdcompile/org.cloudbots.www:cloudapplication to Project Build Discarder
Finished at Mon Apr 17 00:57:34 IST 2023. 9ms
